2023-08-09 13:06:11,883 | BA-Grooming -logging_code - log - INFO - file_dynamic:{'Actual': ['actual-full_length_28-05-2023.xlsx', 'actual-half_length_28-05-2023.xlsx']}
2023-08-09 13:28:44,322 | BA-Grooming -logging_code - log - INFO - file_dynamic:{'Actual': ['actual-full_length_28-05-2023.xlsx', 'actual-half_length_28-05-2023.xlsx']}
2023-08-09 13:28:46,774 | BA-Grooming -logging_code - log - INFO - df_actual_hl:           Date  ...                   Image Location/Link - Whole path
0    2023-05-02  ...  https://bnlwestgunileveraf01073.blob.core.wind...
1    2023-05-13  ...  https://bnlwestgunileveraf01073.blob.core.wind...
2    2023-05-02  ...  https://bnlwestgunileveraf01073.blob.core.wind...
3    2023-05-13  ...  https://bnlwestgunileveraf01073.blob.core.wind...
4    2023-05-16  ...  https://bnlwestgunileveraf01073.blob.core.wind...
..          ...  ...                                                ...
107  2023-05-23  ...  https://bnlwestgunileveraf01073.blob.core.wind...
108  2023-05-23  ...  https://bnlwestgunileveraf01073.blob.core.wind...
109  2023-05-16  ...  https://bnlwestgunileveraf01073.blob.core.wind...
110  2023-05-09  ...  https://bnlwestgunileveraf01073.blob.core.wind...
111  2023-05-16  ...  https://bnlwestgunileveraf01073.blob.core.wind...

[112 rows x 16 columns]
2023-08-09 13:28:46,788 | BA-Grooming -logging_code - log - INFO - df_actual_fl:          Date  ...                   Image Location/Link - Whole path
0   2023-05-02  ...  https://bnlwestgunileveraf01073.blob.core.wind...
1   2023-05-13  ...  https://bnlwestgunileveraf01073.blob.core.wind...
2   2023-05-02  ...  https://bnlwestgunileveraf01073.blob.core.wind...
3   2023-05-13  ...  https://bnlwestgunileveraf01073.blob.core.wind...
4   2023-05-06  ...  https://bnlwestgunileveraf01073.blob.core.wind...
..         ...  ...                                                ...
95  2023-05-16  ...  https://bnlwestgunileveraf01073.blob.core.wind...
96  2023-05-23  ...  https://bnlwestgunileveraf01073.blob.core.wind...
97  2023-05-23  ...  https://bnlwestgunileveraf01073.blob.core.wind...
98  2023-05-23  ...  https://bnlwestgunileveraf01073.blob.core.wind...
99  2023-05-23  ...  https://bnlwestgunileveraf01073.blob.core.wind...

[100 rows x 12 columns]
2023-08-09 13:28:47,290 | BA-Grooming -logging_code - log - INFO - file_dynamic_pred:{'Predicted': ['predicted-full_length_28-05-2023.xlsx', 'predicted-half_length_28-05-2023.xlsx']}
2023-08-09 13:28:48,274 | BA-Grooming -logging_code - log - INFO - df_predicted_hl:           Date  ...                   Image Location/Link - Whole path
0    2023-05-02  ...  https://bnlwestgunileveraf01073.blob.core.wind...
1    2023-05-13  ...  https://bnlwestgunileveraf01073.blob.core.wind...
2    2023-05-02  ...  https://bnlwestgunileveraf01073.blob.core.wind...
3    2023-05-13  ...  https://bnlwestgunileveraf01073.blob.core.wind...
4    2023-05-16  ...  https://bnlwestgunileveraf01073.blob.core.wind...
..          ...  ...                                                ...
107  2023-05-23  ...  https://bnlwestgunileveraf01073.blob.core.wind...
108  2023-05-23  ...  https://bnlwestgunileveraf01073.blob.core.wind...
109  2023-05-16  ...  https://bnlwestgunileveraf01073.blob.core.wind...
110  2023-05-09  ...  https://bnlwestgunileveraf01073.blob.core.wind...
111  2023-05-16  ...  https://bnlwestgunileveraf01073.blob.core.wind...

[112 rows x 16 columns]
2023-08-09 13:28:48,291 | BA-Grooming -logging_code - log - INFO - df_predicted_fl:          Date  ...                   Image Location/Link - Whole path
0   2023-05-02  ...  https://bnlwestgunileveraf01073.blob.core.wind...
1   2023-05-13  ...  https://bnlwestgunileveraf01073.blob.core.wind...
2   2023-05-02  ...  https://bnlwestgunileveraf01073.blob.core.wind...
3   2023-05-13  ...  https://bnlwestgunileveraf01073.blob.core.wind...
4   2023-05-06  ...  https://bnlwestgunileveraf01073.blob.core.wind...
..         ...  ...                                                ...
95  2023-05-16  ...  https://bnlwestgunileveraf01073.blob.core.wind...
96  2023-05-23  ...  https://bnlwestgunileveraf01073.blob.core.wind...
97  2023-05-23  ...  https://bnlwestgunileveraf01073.blob.core.wind...
98  2023-05-23  ...  https://bnlwestgunileveraf01073.blob.core.wind...
99  2023-05-23  ...  https://bnlwestgunileveraf01073.blob.core.wind...

[100 rows x 12 columns]
2023-08-09 13:28:48,314 | BA-Grooming -logging_code - log - INFO - self.y_true:[0 0 0 0 0 0 0 0 1 0 0 0 0 0 0 0 0 1 1 0 0 1 1 1 1 1 1 0 0 0 1 1 1 1 0 0 0
 1 1 0 1 1 1 0 0 1 0 0 1 1 0 0 1 0 0 0 0 0 1 1 1 0 1 1 1 1 0 0 0 0 0 0 1 0
 1 0 0 0 0 0 1 1 0 1 1 0 0 0 1 1 1 0 1 0 0 0 0 1 1 0 0 0 0 0 0 1 0 1 0 0 0
 0 0 0 0 0 0 1 1 0 0 0 1 1 0 0 1 0 1 1 0 0 0 1 0 1 1 0 0 1 0 0 0 1 1 1 0 0
 1 1 0 1 0 0 0 0 0 0 0 0 1 0 0 1 0 1 0 1 1 0 0 0 0 0 0 1 1 0 0 0 0 1 0 0 0
 0 0 0 1 1 1 1 1 1 0 0 1 0 0 0 2 0 0 0 2 2 2 1 1 0 2 1 0 0 1 1 1 0 0 1 1 1
 1 2 2 1 2 1 2 0 1 0 0 0 0 0 1 0 0 1 1 2 1 0 0 1 0 0 1 0 1 0 0 1 2 1 0 1 1
 1 1 2 0 1 1 1 0 2 1 1 1 0 1 0 0 1 0 0 0 0 1 1 0 1 0 0 1 1 1 0 0 1 0 0 1 0
 1 0 1 1 0 0 0 1 2 1 0 0 0 0 2 0 2 0 0 1 0 1 1 1 1 0 1 1 1 1 1 1 1 0 1 1 1
 1 1 2 2 1 1 1 1 1 1 1 0 0 1 0 1 1 0 1 1 2 1 0 0 1 0 0 1 0 1 0 0 1 2 1 1 1
 1 1 1 2 0 1 1 1 1 2 1 1 1 0 1 0 0 1 0 0 1 0 1 1 0 1 1 1 1 1 1 0 0 1 1 0 1
 1 1 0 1 1 0 1 1 1 2 1 0 0 0 1 2 0 2 0 1 1 1 1 1 1 1 1 1 1 1 0 1 1 1 0 1 1
 1 1 1 2 2 1 0 1 1 1 1 1 0 0 0 0 1 0 1 1 1 2 1 0 1 1 0 1 1 0 1 0 1 1 2 1 0
 1 1 1 1 2 1 1 1 1 0 2 1 1 1 0 1 0 0 1 0 0 0 0 1 1 0 1 1 1 1 1 1 0 1 1 1 1
 1 0 1 0 1 1 0 0 0 1 2 1 0 0 1 0 2 1 2 0 0 0 2 2 2 1 1 0 2 1 0 1 1 1 1 0 0
 1 1 1 1 2 2 1 2 1 2 0 1 0 1 1 1 0 1 0 1 1 1 2 1 1 1 1 1 1 1 0 1 0 1 1 2 1
 1 1 1 1 1 2 1 1 1 1 0 2 1 1 1 1 1 1 1 1 0 1 1 0 1 1 1 1 0 0 1 1 1 1 0 1 0
 0 1 0 1 0 1 1 0 1 1 1 2 1 1 0 1 1 2 0 2 2 2 2 2 2 2 2 2 2 2 2 2 2 2 2 2 2
 2 2 2 2 2 0 2 2 2 2 2 2 2 2 2 2 2 2 2 2 2 2 2 2 2 2 2 2 2 2 2 2 2 2 2 2 2
 2 2 2 2 2 2 1 2 2 2 2 2 2 2 2 2 2 2 2 2 2 1 2 2 2 2 2 2 2 2 2 2 2 2 2 2 2
 2 0 2 2 2 2 2 2 2 2 2 2 1 2 2 2 2 2 1 2 2 1 1 1 1 1 1 1 1 1 1 1 1 1 1 1 1
 1 1 1 1 1 1 0 0 1 1 1 1 1 1 1 1 1 1 1 1 1 1 1 1 2 1 1 1 1 1 1 1 1 1 1 1 1
 2 1 1 1 1 1 1 0 1 1 1 1 1 2 1 1 1 1 1 1 1 1 0 1 1 1 1 1 1 1 1 1 1 1 1 1 1
 1 1 1 1 1 1 1 1 1 1 1 1 1 0 1 1 1 1 1 0 1]
2023-08-09 13:28:48,317 | BA-Grooming -logging_code - log - INFO - self.y_pred:[0 0 0 0 1 0 0 0 0 0 0 1 1 1 1 0 0 1 1 1 1 1 1 1 1 1 1 0 0 0 1 1 1 1 0 0 0
 1 1 0 1 1 1 0 0 1 0 0 1 1 1 1 1 0 0 1 1 1 1 1 1 0 1 1 1 1 1 0 0 0 0 0 1 0
 1 0 0 0 0 0 1 1 0 1 1 0 0 0 1 1 1 0 1 1 0 0 0 1 1 1 0 0 0 0 0 0 0 0 0 0 0
 0 0 1 1 0 0 1 1 0 0 1 1 1 1 1 1 0 0 0 1 1 1 1 0 0 0 1 1 0 1 1 1 0 0 1 0 0
 1 1 0 0 1 0 0 0 0 0 1 1 1 0 1 1 1 1 0 0 0 0 0 0 0 0 0 0 0 0 0 0 1 1 0 1 0
 0 0 0 1 1 1 0 1 0 0 0 0 1 0 0 1 0 0 0 0 1 1 1 0 0 1 1 0 0 1 1 1 0 0 1 1 1
 1 2 2 1 1 1 1 0 1 0 0 0 0 1 0 0 0 1 1 2 0 0 0 1 0 0 1 0 1 0 0 1 2 1 0 1 1
 1 1 2 0 0 1 1 0 0 0 0 1 0 0 0 0 0 0 0 1 0 1 1 0 1 0 0 1 1 1 0 0 1 0 2 1 1
 0 1 1 1 0 1 1 1 2 1 0 0 0 1 2 0 1 0 0 1 0 1 1 1 1 0 1 1 0 1 1 1 1 0 1 1 1
 1 1 2 2 1 1 1 1 0 1 1 0 0 1 1 1 1 0 1 1 2 1 1 1 1 1 0 1 0 1 0 0 1 2 1 1 1
 1 1 1 2 0 0 1 1 1 0 1 1 1 1 1 1 1 1 1 1 1 0 1 1 0 1 1 1 1 1 1 0 0 1 0 2 1
 1 1 1 1 1 0 1 1 1 2 1 0 0 0 1 2 0 1 0 1 1 1 1 1 1 1 1 1 1 0 0 1 1 0 0 1 1
 1 1 1 2 2 1 0 1 1 0 1 1 0 0 0 0 0 0 1 1 1 2 1 1 1 1 1 0 1 0 1 0 1 1 2 1 1
 1 1 1 1 2 1 1 1 1 0 0 1 1 1 1 1 1 1 1 1 1 1 0 1 1 0 1 1 1 1 1 1 0 1 1 0 2
 1 0 1 1 1 1 0 1 1 1 2 1 0 0 1 1 2 0 1 1 0 0 0 1 1 1 0 0 0 1 1 1 1 1 1 0 1
 1 1 1 1 2 2 1 1 1 1 0 1 2 1 1 1 1 1 0 1 1 1 2 1 1 1 1 1 1 1 0 1 1 1 1 2 1
 1 1 1 1 1 2 1 1 1 1 0 0 1 1 1 1 1 1 1 1 1 1 1 0 1 1 1 1 1 1 1 1 1 1 0 1 0
 2 1 1 1 1 1 1 0 1 1 1 2 1 1 0 1 1 2 0 2 2 2 2 2 2 2 2 2 2 2 2 2 2 2 2 2 2
 2 2 2 2 2 0 1 2 2 2 2 2 2 2 2 2 2 2 2 2 2 2 2 2 2 2 2 2 2 2 2 2 2 2 2 2 2
 2 2 2 2 2 2 1 2 2 2 2 2 2 2 2 2 2 2 2 2 2 2 2 2 2 2 2 2 2 2 2 2 2 2 2 2 2
 2 1 2 2 2 2 2 2 2 2 2 2 1 2 2 2 2 2 1 2 1 1 1 1 1 1 1 1 1 1 1 1 1 1 1 1 1
 1 1 1 1 1 1 0 1 1 1 1 1 1 1 1 1 1 1 1 1 1 1 1 1 2 1 1 1 1 1 1 1 1 1 1 1 1
 2 1 1 1 1 1 1 1 1 1 1 1 1 1 1 1 1 1 1 1 1 1 1 1 1 1 1 1 1 1 1 1 1 1 1 1 1
 1 1 1 1 1 1 1 1 1 1 1 1 1 1 1 1 1 1 1 1 1]
2023-08-09 13:28:48,328 | BA-Grooming -logging_code - log - INFO - f1_score: 0.8347271960985043
2023-08-09 13:28:48,329 | BA-Grooming -logging_code - log - INFO - robustness: 0.8313544237373256
2023-08-09 13:28:48,335 | BA-Grooming -logging_code - log - INFO - Metrices Calculation is completed.
2023-08-09 13:28:48,336 | BA-Grooming -logging_code - log - INFO - false_positives: [(0, 1), (0, 1), (0, 1), (0, 1), (0, 1), (0, 1), (0, 1), (0, 1), (0, 1), (0, 1), (0, 1), (0, 1), (0, 1), (0, 1), (0, 1), (0, 1), (0, 1), (0, 1), (0, 1), (0, 1), (0, 1), (0, 1), (0, 1), (0, 1), (0, 1), (0, 1), (0, 1), (0, 1), (0, 1), (0, 1), (0, 1), (0, 1), (0, 1), (0, 1), (0, 1), (0, 1), (0, 1), (0, 1), (0, 1), (0, 1), (0, 1), (0, 1), (0, 1), (0, 1), (0, 1), (0, 1), (0, 1), (0, 1), (0, 1), (0, 1), (0, 1), (0, 1), (0, 1), (0, 1), (0, 1), (0, 1), (0, 1), (0, 1), (0, 1), (0, 1), (0, 1), (0, 1), (0, 1), (0, 1), (0, 1), (0, 1), (0, 1), (0, 1), (0, 1), (0, 1), (0, 1), (0, 1), (0, 1), (0, 1), (0, 1), (0, 1), (0, 1), (0, 1), (0, 1), (0, 1), (0, 1), (0, 1)]
2023-08-09 13:28:48,336 | BA-Grooming -logging_code - log - INFO - false_negatives: [(1, 0), (1, 0), (1, 0), (1, 0), (1, 0), (1, 0), (1, 0), (1, 0), (1, 0), (1, 0), (1, 0), (1, 0), (1, 0), (1, 0), (1, 0), (1, 0), (1, 0), (1, 0), (1, 0), (1, 0), (1, 0), (1, 0), (1, 0), (1, 0), (1, 0), (1, 0), (1, 0), (1, 0), (1, 0), (1, 0), (1, 0), (1, 0), (1, 0), (1, 0), (1, 0), (1, 0), (1, 0), (1, 0), (1, 0)]
2023-08-09 13:28:48,340 | BA-Grooming -logging_code - log - INFO - error analysis is generated successfully.
2023-08-09 13:28:54,565 | BA-Grooming -logging_code - log - INFO - latest_date.month:5
2023-08-09 13:28:54,581 | BA-Grooming -logging_code - log - INFO - latest_date.year:2023
2023-08-09 13:28:58,202 | BA-Grooming -logging_code - log - INFO - Renamed folder 'Outputs_5-2023' uploaded successfully.
2023-08-09 13:30:40,561 | BA-Grooming -logging_code - log - INFO - latest_date.month:5
2023-08-09 13:30:40,561 | BA-Grooming -logging_code - log - INFO - latest_date.year:2023
2023-08-09 13:35:39,101 | BA-Grooming -logging_code - log - INFO - latest_date.month:5
2023-08-09 13:35:39,101 | BA-Grooming -logging_code - log - INFO - latest_date.year:2023